<?xml version="1.0" encoding="UTF-8"?>
<testng-results skipped="0" failed="0" ignored="0" total="1" passed="1">
  <reporter-output>
  </reporter-output>
  <suite name="Default suite" duration-ms="11892" started-at="2019-10-23T20:00:22 CDT" finished-at="2019-10-23T20:00:34 CDT">
    <groups>
    </groups>
    <test name="Default test" duration-ms="11892" started-at="2019-10-23T20:00:22 CDT" finished-at="2019-10-23T20:00:34 CDT">
      <class name="com.servicenow.qa.testcases.HomePageTest">
        <test-method status="PASS" signature="setUp()[pri:0, instance:com.servicenow.qa.testcases.HomePageTest@6321e813]" name="setUp" is-config="true" duration-ms="6481" started-at="2019-10-23T20:00:22 CDT" finished-at="2019-10-23T20:00:28 CDT">
          <reporter-output>
          </reporter-output>
        </test-method> <!-- setUp -->
        <test-method status="PASS" signature="verifyCreateUserLink()[pri:6, instance:com.servicenow.qa.testcases.HomePageTest@6321e813]" name="verifyCreateUserLink" duration-ms="5238" started-at="2019-10-23T20:00:28 CDT" finished-at="2019-10-23T20:00:34 CDT">
          <reporter-output>
          </reporter-output>
        </test-method> <!-- verifyCreateUserLink -->
        <test-method status="PASS" signature="tearDown()[pri:0, instance:com.servicenow.qa.testcases.HomePageTest@6321e813]" name="tearDown" is-config="true" duration-ms="135" started-at="2019-10-23T20:00:34 CDT" finished-at="2019-10-23T20:00:34 CDT">
          <reporter-output>
          </reporter-output>
        </test-method> <!-- tearDown -->
      </class> <!-- com.servicenow.qa.testcases.HomePageTest -->
    </test> <!-- Default test -->
  </suite> <!-- Default suite -->
</testng-results>
